<?xml version="1.0" encoding="UTF-8"?>
<!-- Generated by org.testng.reporters.JUnitReportReporter -->
<testsuite skipped="0" hostname="DESKTOP-P2IQJOQ" name="com.togel.base.BaseTest" tests="1" failures="0" timestamp="09 Oct 2018 11:58:07 GMT" time="53.803" errors="0">
  <testcase name="baseTest" time="53.803" classname="com.togel.base.BaseTest"/>
</testsuite> <!-- com.togel.base.BaseTest -->
