<?xml version="1.0" encoding="UTF-8"?>
<!-- Generated by org.testng.reporters.JUnitReportReporter -->
<testsuite skipped="0" hostname="DESKTOP-P2IQJOQ" name="com.togel.tests.LoginTest" tests="1" failures="0" timestamp="10 Oct 2018 06:56:20 GMT" time="21.748" errors="0">
  <testcase name="loginTest" time="21.748" classname="com.togel.tests.LoginTest"/>
</testsuite> <!-- com.togel.tests.LoginTest -->
